2021-07-20 10:00:20,404 INFO o.a.j.u.JMeterUtils: Setting Locale to en_EN
2021-07-20 10:00:20,416 INFO o.a.j.JMeter: Loading user properties from: user.properties
2021-07-20 10:00:20,417 INFO o.a.j.JMeter: Loading system properties from: system.properties
2021-07-20 10:00:20,424 INFO o.a.j.JMeter: Copyright (c) 1998-2021 The Apache Software Foundation
2021-07-20 10:00:20,425 INFO o.a.j.JMeter: Version 5.4.1
2021-07-20 10:00:20,425 INFO o.a.j.JMeter: java.version=1.8.0_261
2021-07-20 10:00:20,425 INFO o.a.j.JMeter: java.vm.name=Java HotSpot(TM) 64-Bit Server VM
2021-07-20 10:00:20,425 INFO o.a.j.JMeter: os.name=Windows 10
2021-07-20 10:00:20,425 INFO o.a.j.JMeter: os.arch=amd64
2021-07-20 10:00:20,425 INFO o.a.j.JMeter: os.version=10.0
2021-07-20 10:00:20,425 INFO o.a.j.JMeter: file.encoding=Cp1252
2021-07-20 10:00:20,425 INFO o.a.j.JMeter: java.awt.headless=null
2021-07-20 10:00:20,425 INFO o.a.j.JMeter: Max memory     =1073741824
2021-07-20 10:00:20,425 INFO o.a.j.JMeter: Available Processors =16
2021-07-20 10:00:20,429 INFO o.a.j.JMeter: Default Locale=English (EN)
2021-07-20 10:00:20,429 INFO o.a.j.JMeter: JMeter  Locale=English (EN)
2021-07-20 10:00:20,429 INFO o.a.j.JMeter: JMeterHome=C:\Users\marti\OneDrive\Documentos\GitHub\PC-PROJETO1\apache-jmeter-5.4.1
2021-07-20 10:00:20,429 INFO o.a.j.JMeter: user.dir  =C:\Users\marti\OneDrive\Documentos\GitHub\PC-PROJETO1\apache-jmeter-5.4.1\bin
2021-07-20 10:00:20,430 INFO o.a.j.JMeter: PWD       =C:\Users\marti\OneDrive\Documentos\GitHub\PC-PROJETO1\apache-jmeter-5.4.1\bin
2021-07-20 10:00:20,431 INFO o.a.j.JMeter: IP: 192.168.1.22 Name: Gabriel-PC FullName: Gabriel-PC
2021-07-20 10:00:20,501 INFO o.a.j.JMeter: Setting LAF to: com.github.weisj.darklaf.DarkLaf:com.github.weisj.darklaf.theme.DarculaTheme
2021-07-20 10:00:21,018 INFO o.a.j.JMeter: Loaded icon properties from org/apache/jmeter/images/icon.properties
2021-07-20 10:01:32,929 INFO o.a.j.s.SampleResult: Note: Sample TimeStamps are START times
2021-07-20 10:01:32,929 INFO o.a.j.s.SampleResult: sampleresult.default.encoding is set to ISO-8859-1
2021-07-20 10:01:32,929 INFO o.a.j.s.SampleResult: sampleresult.useNanoTime=true
2021-07-20 10:01:32,929 INFO o.a.j.s.SampleResult: sampleresult.nanoThreadSleep=5000
2021-07-20 10:01:41,299 INFO o.a.j.s.FileServer: Default base='C:\Users\marti\OneDrive\Documentos\GitHub\PC-PROJETO1\apache-jmeter-5.4.1\bin'
2021-07-20 10:01:41,300 INFO o.a.j.s.FileServer: Set new base='C:\Users\marti\OneDrive\Documentos\GitHub\PC-PROJETO1\apache-jmeter-5.4.1\bin'
2021-07-20 10:01:41,425 INFO o.a.j.s.SaveService: Testplan (JMX) version: 2.2. Testlog (JTL) version: 2.2
2021-07-20 10:01:41,442 INFO o.a.j.s.SaveService: Using SaveService properties file encoding UTF-8
2021-07-20 10:01:41,443 INFO o.a.j.s.SaveService: Using SaveService properties version 5.0
2021-07-20 10:01:41,474 INFO o.a.j.e.StandardJMeterEngine: Running the test!
2021-07-20 10:01:41,475 INFO o.a.j.s.SampleEvent: List of sample_variables: []
2021-07-20 10:01:41,475 INFO o.a.j.s.SampleEvent: List of sample_variables: []
2021-07-20 10:01:41,476 INFO o.a.j.e.u.CompoundVariable: Note: Function class names must contain the string: '.functions.'
2021-07-20 10:01:41,476 INFO o.a.j.e.u.CompoundVariable: Note: Function class names must not contain the string: '.gui.'
2021-07-20 10:01:41,696 INFO o.a.j.p.j.s.JavaSampler: Created class: org.apache.jmeter.protocol.java.test.JavaTest. Uses tearDownTest: 
2021-07-20 10:01:41,697 INFO o.a.j.g.u.JMeterMenuBar: setRunning(true, *local*)
2021-07-20 10:01:41,807 INFO o.a.j.e.StandardJMeterEngine: Starting ThreadGroup: 1 : Thread Group
2021-07-20 10:01:41,808 INFO o.a.j.e.StandardJMeterEngine: Starting 1 threads for group Thread Group.
2021-07-20 10:01:41,808 INFO o.a.j.e.StandardJMeterEngine: Thread will continue on error
2021-07-20 10:01:41,808 INFO o.a.j.t.ThreadGroup: Starting thread group... number=1 threads=1 ramp-up=1 delayedStart=false
2021-07-20 10:01:41,811 INFO o.a.j.t.ThreadGroup: Started thread group number 1
2021-07-20 10:01:41,811 INFO o.a.j.e.StandardJMeterEngine: All thread groups have been started
2021-07-20 10:01:41,813 INFO o.a.j.t.JMeterThread: Thread started: Thread Group 1-1
2021-07-20 10:01:42,042 INFO o.a.j.t.JMeterThread: Thread is done: Thread Group 1-1
2021-07-20 10:01:42,043 INFO o.a.j.t.JMeterThread: Thread finished: Thread Group 1-1
2021-07-20 10:01:42,043 INFO o.a.j.e.StandardJMeterEngine: Notifying test listeners of end of test
2021-07-20 10:01:42,043 INFO o.a.j.g.u.JMeterMenuBar: setRunning(false, *local*)
